<?xml version="1.0" encoding="UTF-8"?>
<!-- Generated by org.testng.reporters.JUnitXMLReporter -->
<testsuite hostname="DESKTOP-VJ72G9N" ignored="6" name="Search Test" tests="4" failures="0" timestamp="22 Mar 2021 19:45:07 GMT" time="7.113" errors="0">
  <testcase name="Pressonsearchbtn" time="1.004" classname="tests.PressOnSearchBtnWithEmptyValue"/>
  <testcase name="RemoveValues" time="0.619" classname="tests.RemoveEnteredValues"/>
  <testcase name="SearchReturnSuccessfully" time="3.241" classname="tests.SearchAboutValidValues"/>
  <testcase name="SearchReturnInsteadOption" time="2.21" classname="tests.SearchWithInvalidvalueReturninsteadoption"/>
  <testcase name="@AfterSuite stopdriver" time="0.0" classname="tests.TestBase">
    <ignored/>
  </testcase> <!-- @AfterSuite stopdriver -->
  <testcase name="@AfterSuite stopdriver" time="0.0" classname="tests.TestBase">
    <ignored/>
  </testcase> <!-- @AfterSuite stopdriver -->
  <testcase name="@AfterSuite stopdriver" time="0.0" classname="tests.TestBase">
    <ignored/>
  </testcase> <!-- @AfterSuite stopdriver -->
  <testcase name="@BeforeSuite startdriver" time="0.0" classname="tests.TestBase">
    <ignored/>
  </testcase> <!-- @BeforeSuite startdriver -->
  <testcase name="@BeforeSuite startdriver" time="0.0" classname="tests.TestBase">
    <ignored/>
  </testcase> <!-- @BeforeSuite startdriver -->
  <testcase name="@BeforeSuite startdriver" time="0.0" classname="tests.TestBase">
    <ignored/>
  </testcase> <!-- @BeforeSuite startdriver -->
</testsuite> <!-- Search Test -->
