<?xml version="1.0" encoding="UTF-8"?>
<testng-results skipped="0" failed="1" ignored="0" total="4" passed="3">
  <reporter-output>
  </reporter-output>
  <suite name="Default suite" duration-ms="27944" started-at="2021-03-23T21:25:53Z" finished-at="2021-03-23T21:26:21Z">
    <groups>
    </groups>
    <test name="Default test" duration-ms="27944" started-at="2021-03-23T21:25:53Z" finished-at="2021-03-23T21:26:21Z">
      <class name="tests.SearchFunction">
        <test-method status="PASS" signature="startdriver()[pri:0, instance:tests.SearchFunction@482cd91f]" name="startdriver" is-config="true" duration-ms="6012" started-at="2021-03-23T23:25:53Z" finished-at="2021-03-23T23:25:59Z">
          <reporter-output>
          </reporter-output>
        </test-method> <!-- startdriver -->
        <test-method status="PASS" signature="SearchReturnSuccessfully()[pri:1, instance:tests.SearchFunction@482cd91f]" name="SearchReturnSuccessfully" duration-ms="3661" started-at="2021-03-23T23:25:59Z" finished-at="2021-03-23T23:26:03Z">
          <reporter-output>
          </reporter-output>
        </test-method> <!-- SearchReturnSuccessfully -->
        <test-method status="PASS" signature="stopdriver()[pri:0, instance:tests.SearchFunction@482cd91f]" name="stopdriver" is-config="true" duration-ms="901" started-at="2021-03-23T23:26:03Z" finished-at="2021-03-23T23:26:04Z">
          <reporter-output>
          </reporter-output>
        </test-method> <!-- stopdriver -->
        <test-method status="PASS" signature="startdriver()[pri:0, instance:tests.SearchFunction@482cd91f]" name="startdriver" is-config="true" duration-ms="4229" started-at="2021-03-23T23:26:04Z" finished-at="2021-03-23T23:26:08Z">
          <reporter-output>
          </reporter-output>
        </test-method> <!-- startdriver -->
        <test-method status="PASS" signature="RemoveEnteredSearchData()[pri:2, instance:tests.SearchFunction@482cd91f]" name="RemoveEnteredSearchData" duration-ms="320" started-at="2021-03-23T23:26:08Z" finished-at="2021-03-23T23:26:08Z">
          <reporter-output>
          </reporter-output>
        </test-method> <!-- RemoveEnteredSearchData -->
        <test-method status="PASS" signature="stopdriver()[pri:0, instance:tests.SearchFunction@482cd91f]" name="stopdriver" is-config="true" duration-ms="938" started-at="2021-03-23T23:26:08Z" finished-at="2021-03-23T23:26:09Z">
          <reporter-output>
          </reporter-output>
        </test-method> <!-- stopdriver -->
        <test-method status="PASS" signature="startdriver()[pri:0, instance:tests.SearchFunction@482cd91f]" name="startdriver" is-config="true" duration-ms="4022" started-at="2021-03-23T23:26:09Z" finished-at="2021-03-23T23:26:13Z">
          <reporter-output>
          </reporter-output>
        </test-method> <!-- startdriver -->
        <test-method status="FAIL" signature="SearchReturnInsteadOption()[pri:3, instance:tests.SearchFunction@482cd91f]" name="SearchReturnInsteadOption" duration-ms="140" started-at="2021-03-23T23:26:13Z" finished-at="2021-03-23T23:26:13Z">
          <exception class="org.openqa.selenium.NoSuchWindowException">
            <message>
              <![CDATA[no such window: target window already closedfrom unknown error: web view not found  (Session info: chrome=89.0.4389.90)Build info: version: '3.8.1', revision: '6e95a6684b', time: '2017-12-01T18:33:54.468Z'System info: host: 'DESKTOP-VJ72G9N', ip: '192.168.1.12', os.name: 'Windows 10', os.arch: 'amd64', os.version: '10.0', java.version: '1.8.0_151'Driver info: org.openqa.selenium.chrome.ChromeDriverCapabilities {acceptInsecureCerts: false, browserName: chrome, browserVersion: 89.0.4389.90, chrome: {chromedriverVersion: 89.0.4389.23 (61b08ee2c5002..., userDataDir: C:\Users\HP\AppData\Local\T...}, goog:chromeOptions: {debuggerAddress: localhost:1386}, javascriptEnabled: true, networkConnectionEnabled: false, pageLoadStrategy: normal, platform: WINDOWS, platformName: WINDOWS, proxy: Proxy(), setWindowRect: true, strictFileInteractability: false, timeouts: {implicit: 0, pageLoad: 300000, script: 30000}, unhandledPromptBehavior: dismiss and notify, webauthn:extension:largeBlob: true, webauthn:virtualAuthenticators: true}Session ID: 7aa22b07efe51de405cd51cfab7f37d5*** Element info: {Using=name, value=q}]]>
            </message>
            <full-stacktrace>
              <![CDATA[org.openqa.selenium.NoSuchWindowException: no such window: target window already closedfrom unknown error: web view not found  (Session info: chrome=89.0.4389.90)Build info: version: '3.8.1', revision: '6e95a6684b', time: '2017-12-01T18:33:54.468Z'System info: host: 'DESKTOP-VJ72G9N', ip: '192.168.1.12', os.name: 'Windows 10', os.arch: 'amd64', os.version: '10.0', java.version: '1.8.0_151'Driver info: org.openqa.selenium.chrome.ChromeDriverCapabilities {acceptInsecureCerts: false, browserName: chrome, browserVersion: 89.0.4389.90, chrome: {chromedriverVersion: 89.0.4389.23 (61b08ee2c5002..., userDataDir: C:\Users\HP\AppData\Local\T...}, goog:chromeOptions: {debuggerAddress: localhost:1386}, javascriptEnabled: true, networkConnectionEnabled: false, pageLoadStrategy: normal, platform: WINDOWS, platformName: WINDOWS, proxy: Proxy(), setWindowRect: true, strictFileInteractability: false, timeouts: {implicit: 0, pageLoad: 300000, script: 30000}, unhandledPromptBehavior: dismiss and notify, webauthn:extension:largeBlob: true, webauthn:virtualAuthenticators: true}Session ID: 7aa22b07efe51de405cd51cfab7f37d5*** Element info: {Using=name, value=q}at sun.reflect.NativeConstructorAccessorImpl.newInstance0(Native Method)at sun.reflect.NativeConstructorAccessorImpl.newInstance(Unknown Source)at sun.reflect.DelegatingConstructorAccessorImpl.newInstance(Unknown Source)at java.lang.reflect.Constructor.newInstance(Unknown Source)at org.openqa.selenium.remote.http.W3CHttpResponseCodec.createException(W3CHttpResponseCodec.java:187)at org.openqa.selenium.remote.http.W3CHttpResponseCodec.decode(W3CHttpResponseCodec.java:122)at org.openqa.selenium.remote.http.W3CHttpResponseCodec.decode(W3CHttpResponseCodec.java:49)at org.openqa.selenium.remote.HttpCommandExecutor.execute(HttpCommandExecutor.java:164)at org.openqa.selenium.remote.service.DriverCommandExecutor.execute(DriverCommandExecutor.java:83)at org.openqa.selenium.remote.RemoteWebDriver.execute(RemoteWebDriver.java:601)at org.openqa.selenium.remote.RemoteWebDriver.findElement(RemoteWebDriver.java:371)at org.openqa.selenium.remote.RemoteWebDriver.findElementByName(RemoteWebDriver.java:449)at org.openqa.selenium.By$ByName.findElement(By.java:303)at org.openqa.selenium.remote.RemoteWebDriver.findElement(RemoteWebDriver.java:363)at org.openqa.selenium.support.pagefactory.DefaultElementLocator.findElement(DefaultElementLocator.java:69)at org.openqa.selenium.support.pagefactory.internal.LocatingElementHandler.invoke(LocatingElementHandler.java:38)at com.sun.proxy.$Proxy9.click(Unknown Source)at pages.HomePage.EnteredInvaludValue(HomePage.java:52)at tests.SearchFunction.SearchReturnInsteadOption(SearchFunction.java:35)at sun.reflect.NativeMethodAccessorImpl.invoke0(Native Method)at sun.reflect.NativeMethodAccessorImpl.invoke(Unknown Source)at sun.reflect.DelegatingMethodAccessorImpl.invoke(Unknown Source)at java.lang.reflect.Method.invoke(Unknown Source)at org.testng.internal.MethodInvocationHelper.invokeMethod(MethodInvocationHelper.java:124)at org.testng.internal.Invoker.invokeMethod(Invoker.java:571)at org.testng.internal.Invoker.invokeTestMethod(Invoker.java:707)at org.testng.internal.Invoker.invokeTestMethods(Invoker.java:979)at org.testng.internal.TestMethodWorker.invokeTestMethods(TestMethodWorker.java:125)at org.testng.internal.TestMethodWorker.run(TestMethodWorker.java:109)at org.testng.TestRunner.privateRun(TestRunner.java:648)at org.testng.TestRunner.run(TestRunner.java:505)at org.testng.SuiteRunner.runTest(SuiteRunner.java:455)at org.testng.SuiteRunner.runSequentially(SuiteRunner.java:450)at org.testng.SuiteRunner.privateRun(SuiteRunner.java:415)at org.testng.SuiteRunner.run(SuiteRunner.java:364)at org.testng.SuiteRunnerWorker.runSuite(SuiteRunnerWorker.java:52)at org.testng.SuiteRunnerWorker.run(SuiteRunnerWorker.java:84)at org.testng.TestNG.runSuitesSequentially(TestNG.java:1187)at org.testng.TestNG.runSuitesLocally(TestNG.java:1116)at org.testng.TestNG.runSuites(TestNG.java:1028)at org.testng.TestNG.run(TestNG.java:996)at org.testng.remote.AbstractRemoteTestNG.run(AbstractRemoteTestNG.java:115)at org.testng.remote.RemoteTestNG.initAndRun(RemoteTestNG.java:251)at org.testng.remote.RemoteTestNG.main(RemoteTestNG.java:77)]]>
            </full-stacktrace>
          </exception> <!-- org.openqa.selenium.NoSuchWindowException -->
          <reporter-output>
          </reporter-output>
        </test-method> <!-- SearchReturnInsteadOption -->
        <test-method status="PASS" signature="stopdriver()[pri:0, instance:tests.SearchFunction@482cd91f]" name="stopdriver" is-config="true" duration-ms="1064" started-at="2021-03-23T23:26:13Z" finished-at="2021-03-23T23:26:14Z">
          <reporter-output>
          </reporter-output>
        </test-method> <!-- stopdriver -->
        <test-method status="PASS" signature="startdriver()[pri:0, instance:tests.SearchFunction@482cd91f]" name="startdriver" is-config="true" duration-ms="4555" started-at="2021-03-23T23:26:14Z" finished-at="2021-03-23T23:26:19Z">
          <reporter-output>
          </reporter-output>
        </test-method> <!-- startdriver -->
        <test-method status="PASS" signature="PressonSearchBtnReturnNoResult()[pri:4, instance:tests.SearchFunction@482cd91f]" name="PressonSearchBtnReturnNoResult" duration-ms="922" started-at="2021-03-23T23:26:19Z" finished-at="2021-03-23T23:26:20Z">
          <reporter-output>
          </reporter-output>
        </test-method> <!-- PressonSearchBtnReturnNoResult -->
        <test-method status="PASS" signature="stopdriver()[pri:0, instance:tests.SearchFunction@482cd91f]" name="stopdriver" is-config="true" duration-ms="1042" started-at="2021-03-23T23:26:20Z" finished-at="2021-03-23T23:26:21Z">
          <reporter-output>
          </reporter-output>
        </test-method> <!-- stopdriver -->
      </class> <!-- tests.SearchFunction -->
    </test> <!-- Default test -->
  </suite> <!-- Default suite -->
</testng-results>
